Gen num:0 Sub: 0
0000000000
1000200040
8002000201
0010240010
8000004000
0020000400
0000000000
2020000010
0004000000
2020108020

Pos 2 2 Starvation: 0 Breeding: 0 Ate squirrel:0
Pos 3 2 Starvation: 30 Breeding: 20 Ate squirrel:0
Gen num:0 Sub: 1
1000000000
0000000040
8010202010
0000040000
8020204010
0000000400
0020000000
0200000000
2004000010
0200018200

Pos 2 2 Starvation: 30 Breeding: 20 Ate squirrel:1
Pos 3 2 Starvation: 0 Breeding: 0 Ate squirrel:0
Gen num:1 Sub: 0
0100000000
0000200040
8000000000
0010242010
8000004000
0020000400
0000000000
2020000010
0004000000
2020108020

Pos 2 2 Starvation: 0 Breeding: 0 Ate squirrel:0
Pos 3 2 Starvation: 30 Breeding: 19 Ate squirrel:0
Gen num:1 Sub: 1
0000000000
0100000040
8010202000
0000040000
8020204010
0000000400
0020000000
0200000000
2004000010
0200018200

Pos 2 2 Starvation: 30 Breeding: 19 Ate squirrel:0
Pos 3 2 Starvation: 0 Breeding: 0 Ate squirrel:0
Gen num:2 Sub: 0
0000000000
1000200040
8000000000
0010242010
8000004000
0020000400
0000000000
2020000010
0004000000
2020108020

Pos 2 2 Starvation: 0 Breeding: 0 Ate squirrel:0
Pos 3 2 Starvation: 29 Breeding: 18 Ate squirrel:0
Gen num:2 Sub: 1
1000000000
0000000040
8010202000
0000040000
8020204010
0000000400
0020000000
0200000000
2004000010
0200018200

Pos 2 2 Starvation: 29 Breeding: 18 Ate squirrel:0
Pos 3 2 Starvation: 0 Breeding: 0 Ate squirrel:0
Gen num:3 Sub: 0
0100000000
0000200040
8000000000
0010242010
8000004000
0020000400
0000000000
2020000010
0004000000
2020108020

Pos 2 2 Starvation: 0 Breeding: 0 Ate squirrel:0
Pos 3 2 Starvation: 28 Breeding: 17 Ate squirrel:0
Gen num:3 Sub: 1
0000000000
0100000040
8010202000
0000040000
8020204010
0000000400
0020000000
0200000000
2004000010
0200018200

Pos 2 2 Starvation: 28 Breeding: 17 Ate squirrel:0
Pos 3 2 Starvation: 0 Breeding: 0 Ate squirrel:0
Gen num:4 Sub: 0
0000000000
1000200040
8000000000
0010242010
8000004000
0020000400
0000000000
2020000010
0004000000
2020108020

Pos 2 2 Starvation: 0 Breeding: 0 Ate squirrel:0
Pos 3 2 Starvation: 27 Breeding: 16 Ate squirrel:0
Gen num:4 Sub: 1
1000000000
0000000040
8010202000
0000040000
8020204010
0000000400
0020000000
0200000000
2004000010
0200018200

Pos 2 2 Starvation: 27 Breeding: 16 Ate squirrel:0
Pos 3 2 Starvation: 0 Breeding: 0 Ate squirrel:0
Gen num:5 Sub: 0
0100000000
0000200040
8000000000
0010242010
8000004000
0020000400
0000000000
2020000010
0004000000
2020108020

Pos 2 2 Starvation: 0 Breeding: 0 Ate squirrel:0
Pos 3 2 Starvation: 26 Breeding: 15 Ate squirrel:0
Gen num:5 Sub: 1
0000000000
0100000040
8010202000
0000040000
8020204010
0000000400
0020000000
0200000000
2004000010
0200018200

Pos 2 2 Starvation: 26 Breeding: 15 Ate squirrel:0
Pos 3 2 Starvation: 0 Breeding: 0 Ate squirrel:0
Gen num:6 Sub: 0
0000000000
1000200040
8000000000
0010242010
8000004000
0020000400
0000000000
2020000010
0004000000
2020108020

Pos 2 2 Starvation: 0 Breeding: 0 Ate squirrel:0
Pos 3 2 Starvation: 25 Breeding: 14 Ate squirrel:0
Gen num:6 Sub: 1
1000000000
0000000040
8010202000
0000040000
8020204010
0000000400
0020000000
0200000000
2004000010
0200018200

Pos 2 2 Starvation: 25 Breeding: 14 Ate squirrel:0
Pos 3 2 Starvation: 0 Breeding: 0 Ate squirrel:0
Gen num:7 Sub: 0
0100000000
0000200040
8000000000
0010242010
8000004000
0020000400
0000000000
2020000010
0004000000
2020108020

Pos 2 2 Starvation: 0 Breeding: 0 Ate squirrel:0
Pos 3 2 Starvation: 24 Breeding: 13 Ate squirrel:0
Gen num:7 Sub: 1
0000000000
0100000040
8010202000
0000040000
8020204010
0000000400
0020000000
0200000000
2004000010
0200018200

Pos 2 2 Starvation: 24 Breeding: 13 Ate squirrel:0
Pos 3 2 Starvation: 0 Breeding: 0 Ate squirrel:0
Gen num:8 Sub: 0
0000000000
1000200040
8000000000
0010242010
8000004000
0020000400
0000000000
2020000010
0004000000
2020108020

Pos 2 2 Starvation: 0 Breeding: 0 Ate squirrel:0
Pos 3 2 Starvation: 23 Breeding: 12 Ate squirrel:0
Gen num:8 Sub: 1
1000000000
0000000040
8010202000
0000040000
8020204010
0000000400
0020000000
0200000000
2004000010
0200018200

Pos 2 2 Starvation: 23 Breeding: 12 Ate squirrel:0
Pos 3 2 Starvation: 0 Breeding: 0 Ate squirrel:0
Gen num:9 Sub: 0
0100000000
0000200040
8000000000
0010242010
8000004000
0020000400
0000000000
2020000010
0004000000
2020108020

Pos 2 2 Starvation: 0 Breeding: 0 Ate squirrel:0
Pos 3 2 Starvation: 22 Breeding: 11 Ate squirrel:0
Gen num:9 Sub: 1
0000000000
0100000040
8010202000
0000040000
8020204010
0000000400
0020000000
0200000000
2004000010
0200018200

Pos 2 2 Starvation: 22 Breeding: 11 Ate squirrel:0
Pos 3 2 Starvation: 0 Breeding: 0 Ate squirrel:0
Gen num:10 Sub: 0
0000000000
1000200040
8000000000
0010242010
8000004000
0020000400
0000000000
2020000010
0004000000
2020108020

Pos 2 2 Starvation: 0 Breeding: 0 Ate squirrel:0
Pos 3 2 Starvation: 21 Breeding: 10 Ate squirrel:0
Gen num:10 Sub: 1
1000000000
0000000040
8010202000
0000040000
8020204010
0000000400
0020000000
0200000000
2004000010
0200018200

Pos 2 2 Starvation: 21 Breeding: 10 Ate squirrel:0
Pos 3 2 Starvation: 0 Breeding: 0 Ate squirrel:0
Gen num:11 Sub: 0
0100000000
0000200040
8000000000
0010242010
8000004000
0020000400
0000000000
2020000010
0004000000
2020108020

Pos 2 2 Starvation: 0 Breeding: 0 Ate squirrel:0
Pos 3 2 Starvation: 20 Breeding: 9 Ate squirrel:0
Gen num:11 Sub: 1
0000000000
0100000040
8010202000
0000040000
8020204010
0000000400
0020000000
0200000000
2004000010
0200018200

Pos 2 2 Starvation: 20 Breeding: 9 Ate squirrel:0
Pos 3 2 Starvation: 0 Breeding: 0 Ate squirrel:0
Gen num:12 Sub: 0
0000000000
1000200040
8000000000
0010242010
8000004000
0020000400
0000000000
2020000010
0004000000
2020108020

Pos 2 2 Starvation: 0 Breeding: 0 Ate squirrel:0
Pos 3 2 Starvation: 19 Breeding: 8 Ate squirrel:0
Gen num:12 Sub: 1
1000000000
0000000040
8010202000
0000040000
8020204010
0000000400
0020000000
0200000000
2004000010
0200018200

Pos 2 2 Starvation: 19 Breeding: 8 Ate squirrel:0
Pos 3 2 Starvation: 0 Breeding: 0 Ate squirrel:0
1 1 w
1 8 i
2 0 t
2 2 w
2 4 s
2 6 s
3 5 i
4 0 t
4 2 s
4 4 s
4 6 i
4 8 w
5 7 i
6 2 s
7 1 s
8 0 s
8 3 i
8 8 w
9 1 s
9 5 w
9 6 t
9 7 s
Eats:2 Breeds:0
